Drill report for Stormbreaker.kicad_pcb
Created on 2025-04-04T23:22:04+1000

Copper Layer Stackup:
    =============================================================
    L1 :  F.Cu                      front
    L2 :  In1.Cu                    in1
    L3 :  In2.Cu                    in2
    L4 :  B.Cu                      back


Drill file 'Stormbreaker-PTH.drl' contains
    plated through holes:
    =============================================================
    T1  0.200mm  0.0079"  (9 holes)
    T2  0.250mm  0.0098"  (28 holes)
    T3  0.300mm  0.0118"  (31 holes)
    T4  0.300mm  0.0118"  (9 holes)
    T5  0.400mm  0.0157"  (62 holes)
    T6  0.500mm  0.0197"  (7 holes)
    T7  0.600mm  0.0236"  (4 holes)  (with 4 slots)
    T8  0.700mm  0.0276"  (2 holes)
    T9  0.750mm  0.0295"  (2 holes)

    Total plated holes count 154


Drill file 'Stormbreaker-NPTH.drl' contains
    unplated through holes:
    =============================================================
    T1  0.650mm  0.0256"  (2 holes)

    Total unplated holes count 2
